2026-04-27 21:34:12 [main] INFO  c.m.r.s.MedicalRecordSystemApplication - Starting MedicalRecordSystemApplication using Java 22.0.1 with PID 1228 (D:\cusproject\syst\medical-record-system-unified\backend\target\classes started by A in D:\cusproject\syst\medical-record-system-unified\backend)
2026-04-27 21:34:12 [main] DEBUG c.m.r.s.MedicalRecordSystemApplication - Running with Spring Boot v3.2.0, Spring v6.1.1
2026-04-27 21:34:12 [main] INFO  c.m.r.s.MedicalRecordSystemApplication - No active profile set, falling back to 1 default profile: "default"
2026-04-27 21:34:12 [main] INFO  o.s.d.r.c.RepositoryConfigurationDelegate - Bootstrapping Spring Data JPA repositories in DEFAULT mode.
2026-04-27 21:34:12 [main] INFO  o.s.d.r.c.RepositoryConfigurationDelegate - Finished Spring Data repository scanning in 21 ms. Found 0 JPA repository interfaces.
2026-04-27 21:34:13 [main] INFO  o.s.b.w.e.tomcat.TomcatWebServer - Tomcat initialized with port 8080 (http)
2026-04-27 21:34:13 [main] INFO  o.a.catalina.core.StandardService - Starting service [Tomcat]
2026-04-27 21:34:13 [main] INFO  o.a.catalina.core.StandardEngine - Starting Servlet engine: [Apache Tomcat/10.1.16]
2026-04-27 21:34:14 [main] INFO  o.a.c.c.C.[.[localhost].[/api] - Initializing Spring embedded WebApplicationContext
2026-04-27 21:34:14 [main] INFO  o.s.b.w.s.c.ServletWebServerApplicationContext - Root WebApplicationContext: initialization completed in 2009 ms
2026-04-27 21:34:14 [main] INFO  o.h.jpa.internal.util.LogHelper - HHH000204: Processing PersistenceUnitInfo [name: default]
2026-04-27 21:34:14 [main] INFO  org.hibernate.Version - HHH000412: Hibernate ORM core version 6.3.1.Final
2026-04-27 21:34:14 [main] INFO  o.h.c.i.RegionFactoryInitiator - HHH000026: Second-level cache disabled
2026-04-27 21:34:14 [main] INFO  o.s.o.j.p.SpringPersistenceUnitInfo - No LoadTimeWeaver setup: ignoring JPA class transformer
2026-04-27 21:34:14 [main] INFO  c.alibaba.druid.pool.DruidDataSource - {dataSource-1} inited
2026-04-27 21:34:15 [main] WARN  org.hibernate.orm.deprecation - HHH90000025: SQLServerDialect does not need to be specified explicitly using 'hibernate.dialect' (remove the property setting and it will be selected by default)
2026-04-27 21:34:15 [main] INFO  o.h.e.t.j.p.i.JtaPlatformInitiator - HHH000489: No JTA platform available (set 'hibernate.transaction.jta.platform' to enable JTA platform integration)
2026-04-27 21:34:15 [main] INFO  o.s.o.j.LocalContainerEntityManagerFactoryBean - Initialized JPA EntityManagerFactory for persistence unit 'default'
2026-04-27 21:34:16 [main] WARN  o.s.b.a.o.j.JpaBaseConfiguration$JpaWebConfiguration - spring.jpa.open-in-view is enabled by default. Therefore, database queries may be performed during view rendering. Explicitly configure spring.jpa.open-in-view to disable this warning
2026-04-27 21:34:16 [main] WARN  o.s.b.a.s.s.UserDetailsServiceAutoConfiguration - 

Using generated security password: 6d272e2b-e553-4eb6-9249-9c31dec1a2b3

This generated password is for development use only. Your security configuration must be updated before running your application in production.

2026-04-27 21:34:16 [main] INFO  o.s.b.a.w.s.WelcomePageHandlerMapping - Adding welcome page: class path resource [static/index.html]
2026-04-27 21:34:16 [main] INFO  o.s.s.web.DefaultSecurityFilterChain - Will secure any request with [org.springframework.security.web.session.DisableEncodeUrlFilter@22c4354d, org.springframework.security.web.context.request.async.WebAsyncManagerIntegrationFilter@2681185e, org.springframework.security.web.context.SecurityContextHolderFilter@2552181d, org.springframework.security.web.header.HeaderWriterFilter@2a4bd699, org.springframework.web.filter.CorsFilter@41f5389f, org.springframework.security.web.authentication.logout.LogoutFilter@58690f5e, org.springframework.security.web.savedrequest.RequestCacheAwareFilter@2e7e4480, org.springframework.security.web.servletapi.SecurityContextHolderAwareRequestFilter@8beb0dd, org.springframework.security.web.authentication.AnonymousAuthenticationFilter@3a012678, org.springframework.security.web.access.ExceptionTranslationFilter@5dd2ea0a, org.springframework.security.web.access.intercept.AuthorizationFilter@13ae87a6]
2026-04-27 21:34:16 [main] WARN  o.s.s.c.a.web.builders.WebSecurity - You are asking Spring Security to ignore any request. This is not recommended -- please use permitAll via HttpSecurity#authorizeHttpRequests instead.
2026-04-27 21:34:16 [main] INFO  o.s.s.web.DefaultSecurityFilterChain - Will not secure any request
2026-04-27 21:34:16 [main] WARN  o.s.b.a.t.ThymeleafAutoConfiguration$DefaultTemplateResolverConfiguration - Cannot find template location: classpath:/templates/ (please add some templates, check your Thymeleaf configuration, or set spring.thymeleaf.check-template-location=false)
2026-04-27 21:34:17 [main] INFO  o.s.b.w.e.tomcat.TomcatWebServer - Tomcat started on port 8080 (http) with context path '/api'
2026-04-27 21:34:17 [main] INFO  c.m.r.s.MedicalRecordSystemApplication - Started MedicalRecordSystemApplication in 5.645 seconds (process running for 6.07)
2026-04-27 21:35:10 [http-nio-8080-exec-1] INFO  o.a.c.c.C.[.[localhost].[/api] - Initializing Spring DispatcherServlet 'dispatcherServlet'
2026-04-27 21:35:10 [http-nio-8080-exec-1] INFO  o.s.web.servlet.DispatcherServlet - Initializing Servlet 'dispatcherServlet'
2026-04-27 21:35:10 [http-nio-8080-exec-1] INFO  o.s.web.servlet.DispatcherServlet - Completed initialization in 0 ms
