2026-04-28 08:25:00 [main] INFO  c.m.r.s.MedicalRecordSystemApplication - Starting MedicalRecordSystemApplication using Java 22.0.1 with PID 21556 (D:\cusproject\syst\medical-record-system-unified\backend\target\classes started by A in D:\cusproject\syst\medical-record-system-unified\backend)
2026-04-28 08:25:00 [main] DEBUG c.m.r.s.MedicalRecordSystemApplication - Running with Spring Boot v3.2.0, Spring v6.1.1
2026-04-28 08:25:00 [main] INFO  c.m.r.s.MedicalRecordSystemApplication - No active profile set, falling back to 1 default profile: "default"
2026-04-28 08:25:00 [main] INFO  o.s.d.r.c.RepositoryConfigurationDelegate - Bootstrapping Spring Data JPA repositories in DEFAULT mode.
2026-04-28 08:25:00 [main] INFO  o.s.d.r.c.RepositoryConfigurationDelegate - Finished Spring Data repository scanning in 16 ms. Found 0 JPA repository interfaces.
2026-04-28 08:25:01 [main] INFO  o.s.b.w.e.tomcat.TomcatWebServer - Tomcat initialized with port 8080 (http)
2026-04-28 08:25:01 [main] INFO  o.a.catalina.core.StandardService - Starting service [Tomcat]
2026-04-28 08:25:01 [main] INFO  o.a.catalina.core.StandardEngine - Starting Servlet engine: [Apache Tomcat/10.1.16]
2026-04-28 08:25:01 [main] INFO  o.a.c.c.C.[.[localhost].[/api] - Initializing Spring embedded WebApplicationContext
2026-04-28 08:25:01 [main] INFO  o.s.b.w.s.c.ServletWebServerApplicationContext - Root WebApplicationContext: initialization completed in 1266 ms
2026-04-28 08:25:01 [main] INFO  o.h.jpa.internal.util.LogHelper - HHH000204: Processing PersistenceUnitInfo [name: default]
2026-04-28 08:25:01 [main] INFO  org.hibernate.Version - HHH000412: Hibernate ORM core version 6.3.1.Final
2026-04-28 08:25:01 [main] INFO  o.h.c.i.RegionFactoryInitiator - HHH000026: Second-level cache disabled
2026-04-28 08:25:02 [main] INFO  o.s.o.j.p.SpringPersistenceUnitInfo - No LoadTimeWeaver setup: ignoring JPA class transformer
2026-04-28 08:25:02 [main] INFO  c.alibaba.druid.pool.DruidDataSource - {dataSource-1} inited
2026-04-28 08:25:02 [main] WARN  org.hibernate.orm.deprecation - HHH90000025: SQLServerDialect does not need to be specified explicitly using 'hibernate.dialect' (remove the property setting and it will be selected by default)
2026-04-28 08:25:02 [main] INFO  o.h.e.t.j.p.i.JtaPlatformInitiator - HHH000489: No JTA platform available (set 'hibernate.transaction.jta.platform' to enable JTA platform integration)
2026-04-28 08:25:02 [main] INFO  o.s.o.j.LocalContainerEntityManagerFactoryBean - Initialized JPA EntityManagerFactory for persistence unit 'default'
2026-04-28 08:25:03 [main] WARN  o.s.b.a.o.j.JpaBaseConfiguration$JpaWebConfiguration - spring.jpa.open-in-view is enabled by default. Therefore, database queries may be performed during view rendering. Explicitly configure spring.jpa.open-in-view to disable this warning
2026-04-28 08:25:03 [main] WARN  o.s.b.a.s.s.UserDetailsServiceAutoConfiguration - 

Using generated security password: 76782b82-fff8-44c2-981f-fedc26bb5fd6

This generated password is for development use only. Your security configuration must be updated before running your application in production.

2026-04-28 08:25:03 [main] INFO  o.s.b.a.w.s.WelcomePageHandlerMapping - Adding welcome page: class path resource [static/index.html]
2026-04-28 08:25:03 [main] INFO  o.s.s.web.DefaultSecurityFilterChain - Will secure any request with [org.springframework.security.web.session.DisableEncodeUrlFilter@152d2a58, org.springframework.security.web.context.request.async.WebAsyncManagerIntegrationFilter@50b2ba2c, org.springframework.security.web.context.SecurityContextHolderFilter@4f1a5b93, org.springframework.security.web.header.HeaderWriterFilter@5e9671e6, org.springframework.web.filter.CorsFilter@12478b4e, org.springframework.security.web.authentication.logout.LogoutFilter@4902c584, org.springframework.security.web.savedrequest.RequestCacheAwareFilter@5dd2ea0a, org.springframework.security.web.servletapi.SecurityContextHolderAwareRequestFilter@65fa4a07, org.springframework.security.web.authentication.AnonymousAuthenticationFilter@64921450, org.springframework.security.web.access.ExceptionTranslationFilter@12dc702b, org.springframework.security.web.access.intercept.AuthorizationFilter@40d04cf8]
2026-04-28 08:25:03 [main] WARN  o.s.s.c.a.web.builders.WebSecurity - You are asking Spring Security to ignore any request. This is not recommended -- please use permitAll via HttpSecurity#authorizeHttpRequests instead.
2026-04-28 08:25:03 [main] INFO  o.s.s.web.DefaultSecurityFilterChain - Will not secure any request
2026-04-28 08:25:03 [main] WARN  o.s.b.a.t.ThymeleafAutoConfiguration$DefaultTemplateResolverConfiguration - Cannot find template location: classpath:/templates/ (please add some templates, check your Thymeleaf configuration, or set spring.thymeleaf.check-template-location=false)
2026-04-28 08:25:03 [main] INFO  o.s.b.w.e.tomcat.TomcatWebServer - Tomcat started on port 8080 (http) with context path '/api'
2026-04-28 08:25:03 [main] INFO  c.m.r.s.MedicalRecordSystemApplication - Started MedicalRecordSystemApplication in 3.971 seconds (process running for 4.285)
2026-04-28 08:25:26 [http-nio-8080-exec-2] INFO  o.a.c.c.C.[.[localhost].[/api] - Initializing Spring DispatcherServlet 'dispatcherServlet'
2026-04-28 08:25:26 [http-nio-8080-exec-2] INFO  o.s.web.servlet.DispatcherServlet - Initializing Servlet 'dispatcherServlet'
2026-04-28 08:25:26 [http-nio-8080-exec-2] INFO  o.s.web.servlet.DispatcherServlet - Completed initialization in 2 ms
2026-04-28 10:48:00 [SpringApplicationShutdownHook] INFO  o.s.o.j.LocalContainerEntityManagerFactoryBean - Closing JPA EntityManagerFactory for persistence unit 'default'
2026-04-28 10:48:00 [SpringApplicationShutdownHook] INFO  c.alibaba.druid.pool.DruidDataSource - {dataSource-1} closing ...
2026-04-28 10:48:00 [SpringApplicationShutdownHook] INFO  c.alibaba.druid.pool.DruidDataSource - {dataSource-1} closed
2026-04-28 10:48:26 [main] INFO  c.m.r.s.MedicalRecordSystemApplication - Starting MedicalRecordSystemApplication using Java 22.0.1 with PID 5648 (D:\cusproject\syst\medical-record-system-unified\backend\target\classes started by A in D:\cusproject\syst\medical-record-system-unified\backend)
2026-04-28 10:48:26 [main] DEBUG c.m.r.s.MedicalRecordSystemApplication - Running with Spring Boot v3.2.0, Spring v6.1.1
2026-04-28 10:48:26 [main] INFO  c.m.r.s.MedicalRecordSystemApplication - No active profile set, falling back to 1 default profile: "default"
2026-04-28 10:48:27 [main] INFO  o.s.d.r.c.RepositoryConfigurationDelegate - Bootstrapping Spring Data JPA repositories in DEFAULT mode.
2026-04-28 10:48:27 [main] INFO  o.s.d.r.c.RepositoryConfigurationDelegate - Finished Spring Data repository scanning in 21 ms. Found 0 JPA repository interfaces.
2026-04-28 10:48:28 [main] INFO  o.s.b.w.e.tomcat.TomcatWebServer - Tomcat initialized with port 8080 (http)
2026-04-28 10:48:28 [main] INFO  o.a.catalina.core.StandardService - Starting service [Tomcat]
2026-04-28 10:48:28 [main] INFO  o.a.catalina.core.StandardEngine - Starting Servlet engine: [Apache Tomcat/10.1.16]
2026-04-28 10:48:28 [main] INFO  o.a.c.c.C.[.[localhost].[/api] - Initializing Spring embedded WebApplicationContext
2026-04-28 10:48:28 [main] INFO  o.s.b.w.s.c.ServletWebServerApplicationContext - Root WebApplicationContext: initialization completed in 1614 ms
2026-04-28 10:48:28 [main] INFO  o.h.jpa.internal.util.LogHelper - HHH000204: Processing PersistenceUnitInfo [name: default]
2026-04-28 10:48:28 [main] INFO  org.hibernate.Version - HHH000412: Hibernate ORM core version 6.3.1.Final
2026-04-28 10:48:28 [main] INFO  o.h.c.i.RegionFactoryInitiator - HHH000026: Second-level cache disabled
2026-04-28 10:48:29 [main] INFO  o.s.o.j.p.SpringPersistenceUnitInfo - No LoadTimeWeaver setup: ignoring JPA class transformer
2026-04-28 10:48:29 [main] INFO  c.alibaba.druid.pool.DruidDataSource - {dataSource-1} inited
2026-04-28 10:48:29 [main] WARN  org.hibernate.orm.deprecation - HHH90000025: SQLServerDialect does not need to be specified explicitly using 'hibernate.dialect' (remove the property setting and it will be selected by default)
2026-04-28 10:48:29 [main] INFO  o.h.e.t.j.p.i.JtaPlatformInitiator - HHH000489: No JTA platform available (set 'hibernate.transaction.jta.platform' to enable JTA platform integration)
2026-04-28 10:48:29 [main] INFO  o.s.o.j.LocalContainerEntityManagerFactoryBean - Initialized JPA EntityManagerFactory for persistence unit 'default'
2026-04-28 10:48:30 [main] WARN  o.s.b.a.o.j.JpaBaseConfiguration$JpaWebConfiguration - spring.jpa.open-in-view is enabled by default. Therefore, database queries may be performed during view rendering. Explicitly configure spring.jpa.open-in-view to disable this warning
2026-04-28 10:48:30 [main] WARN  o.s.b.a.s.s.UserDetailsServiceAutoConfiguration - 

Using generated security password: e0baa404-bc4d-4f5f-af25-669bf522c24a

This generated password is for development use only. Your security configuration must be updated before running your application in production.

2026-04-28 10:48:30 [main] INFO  o.s.b.a.w.s.WelcomePageHandlerMapping - Adding welcome page: class path resource [static/index.html]
2026-04-28 10:48:30 [main] INFO  o.s.s.web.DefaultSecurityFilterChain - Will secure any request with [org.springframework.security.web.session.DisableEncodeUrlFilter@1a22c1ba, org.springframework.security.web.context.request.async.WebAsyncManagerIntegrationFilter@4930213b, org.springframework.security.web.context.SecurityContextHolderFilter@204a02a4, org.springframework.security.web.header.HeaderWriterFilter@74026b18, org.springframework.web.filter.CorsFilter@67372d20, org.springframework.security.web.authentication.logout.LogoutFilter@591ba330, org.springframework.security.web.savedrequest.RequestCacheAwareFilter@1b96d447, org.springframework.security.web.servletapi.SecurityContextHolderAwareRequestFilter@4a68cbc5, org.springframework.security.web.authentication.AnonymousAuthenticationFilter@25e24908, org.springframework.security.web.access.ExceptionTranslationFilter@22e95960, org.springframework.security.web.access.intercept.AuthorizationFilter@430db481]
2026-04-28 10:48:30 [main] WARN  o.s.s.c.a.web.builders.WebSecurity - You are asking Spring Security to ignore any request. This is not recommended -- please use permitAll via HttpSecurity#authorizeHttpRequests instead.
2026-04-28 10:48:30 [main] INFO  o.s.s.web.DefaultSecurityFilterChain - Will not secure any request
2026-04-28 10:48:30 [main] WARN  o.s.b.a.t.ThymeleafAutoConfiguration$DefaultTemplateResolverConfiguration - Cannot find template location: classpath:/templates/ (please add some templates, check your Thymeleaf configuration, or set spring.thymeleaf.check-template-location=false)
2026-04-28 10:48:30 [main] INFO  o.s.b.w.e.tomcat.TomcatWebServer - Tomcat started on port 8080 (http) with context path '/api'
2026-04-28 10:48:30 [main] INFO  c.m.r.s.MedicalRecordSystemApplication - Started MedicalRecordSystemApplication in 5.08 seconds (process running for 5.623)
2026-04-28 10:48:30 [main] INFO  c.m.r.s.c.AuditLogTableInitializer - 审计日志表 audit_logs 已存在，跳过创建
2026-04-28 10:49:20 [http-nio-8080-exec-1] INFO  o.a.c.c.C.[.[localhost].[/api] - Initializing Spring DispatcherServlet 'dispatcherServlet'
2026-04-28 10:49:20 [http-nio-8080-exec-1] INFO  o.s.web.servlet.DispatcherServlet - Initializing Servlet 'dispatcherServlet'
2026-04-28 10:49:20 [http-nio-8080-exec-1] INFO  o.s.web.servlet.DispatcherServlet - Completed initialization in 0 ms
2026-04-28 11:19:51 [SpringApplicationShutdownHook] INFO  o.s.o.j.LocalContainerEntityManagerFactoryBean - Closing JPA EntityManagerFactory for persistence unit 'default'
2026-04-28 11:19:51 [SpringApplicationShutdownHook] INFO  c.alibaba.druid.pool.DruidDataSource - {dataSource-1} closing ...
2026-04-28 11:19:51 [SpringApplicationShutdownHook] INFO  c.alibaba.druid.pool.DruidDataSource - {dataSource-1} closed
2026-04-28 11:20:22 [main] INFO  c.m.r.s.MedicalRecordSystemApplication - Starting MedicalRecordSystemApplication using Java 22.0.1 with PID 13852 (D:\cusproject\syst\medical-record-system-unified\backend\target\classes started by A in D:\cusproject\syst\medical-record-system-unified\backend)
2026-04-28 11:20:22 [main] DEBUG c.m.r.s.MedicalRecordSystemApplication - Running with Spring Boot v3.2.0, Spring v6.1.1
2026-04-28 11:20:22 [main] INFO  c.m.r.s.MedicalRecordSystemApplication - No active profile set, falling back to 1 default profile: "default"
2026-04-28 11:20:23 [main] INFO  o.s.d.r.c.RepositoryConfigurationDelegate - Bootstrapping Spring Data JPA repositories in DEFAULT mode.
2026-04-28 11:20:23 [main] INFO  o.s.d.r.c.RepositoryConfigurationDelegate - Finished Spring Data repository scanning in 13 ms. Found 0 JPA repository interfaces.
2026-04-28 11:20:23 [main] INFO  o.s.b.w.e.tomcat.TomcatWebServer - Tomcat initialized with port 8080 (http)
2026-04-28 11:20:23 [main] INFO  o.a.catalina.core.StandardService - Starting service [Tomcat]
2026-04-28 11:20:23 [main] INFO  o.a.catalina.core.StandardEngine - Starting Servlet engine: [Apache Tomcat/10.1.16]
2026-04-28 11:20:23 [main] INFO  o.a.c.c.C.[.[localhost].[/api] - Initializing Spring embedded WebApplicationContext
2026-04-28 11:20:23 [main] INFO  o.s.b.w.s.c.ServletWebServerApplicationContext - Root WebApplicationContext: initialization completed in 1103 ms
2026-04-28 11:20:24 [main] INFO  o.h.jpa.internal.util.LogHelper - HHH000204: Processing PersistenceUnitInfo [name: default]
2026-04-28 11:20:24 [main] INFO  org.hibernate.Version - HHH000412: Hibernate ORM core version 6.3.1.Final
2026-04-28 11:20:24 [main] INFO  o.h.c.i.RegionFactoryInitiator - HHH000026: Second-level cache disabled
2026-04-28 11:20:24 [main] INFO  o.s.o.j.p.SpringPersistenceUnitInfo - No LoadTimeWeaver setup: ignoring JPA class transformer
2026-04-28 11:20:24 [main] INFO  c.alibaba.druid.pool.DruidDataSource - {dataSource-1} inited
2026-04-28 11:20:24 [main] WARN  org.hibernate.orm.deprecation - HHH90000025: SQLServerDialect does not need to be specified explicitly using 'hibernate.dialect' (remove the property setting and it will be selected by default)
2026-04-28 11:20:24 [main] INFO  o.h.e.t.j.p.i.JtaPlatformInitiator - HHH000489: No JTA platform available (set 'hibernate.transaction.jta.platform' to enable JTA platform integration)
2026-04-28 11:20:24 [main] INFO  o.s.o.j.LocalContainerEntityManagerFactoryBean - Initialized JPA EntityManagerFactory for persistence unit 'default'
2026-04-28 11:20:25 [main] WARN  o.s.b.a.o.j.JpaBaseConfiguration$JpaWebConfiguration - spring.jpa.open-in-view is enabled by default. Therefore, database queries may be performed during view rendering. Explicitly configure spring.jpa.open-in-view to disable this warning
2026-04-28 11:20:25 [main] WARN  o.s.b.a.s.s.UserDetailsServiceAutoConfiguration - 

Using generated security password: a6f4fd1a-9b33-4863-94bb-27fef48f1227

This generated password is for development use only. Your security configuration must be updated before running your application in production.

2026-04-28 11:20:25 [main] INFO  o.s.b.a.w.s.WelcomePageHandlerMapping - Adding welcome page: class path resource [static/index.html]
2026-04-28 11:20:25 [main] INFO  o.s.s.web.DefaultSecurityFilterChain - Will secure any request with [org.springframework.security.web.session.DisableEncodeUrlFilter@be9cc86, org.springframework.security.web.context.request.async.WebAsyncManagerIntegrationFilter@68af8288, org.springframework.security.web.context.SecurityContextHolderFilter@25a52a60, org.springframework.security.web.header.HeaderWriterFilter@716eae1, org.springframework.web.filter.CorsFilter@8dc3019, org.springframework.security.web.authentication.logout.LogoutFilter@988c126, org.springframework.security.web.savedrequest.RequestCacheAwareFilter@1e75af65, org.springframework.security.web.servletapi.SecurityContextHolderAwareRequestFilter@25a2c4dc, org.springframework.security.web.authentication.AnonymousAuthenticationFilter@34ab398b, org.springframework.security.web.access.ExceptionTranslationFilter@63537871, org.springframework.security.web.access.intercept.AuthorizationFilter@7772ec28]
2026-04-28 11:20:25 [main] WARN  o.s.s.c.a.web.builders.WebSecurity - You are asking Spring Security to ignore any request. This is not recommended -- please use permitAll via HttpSecurity#authorizeHttpRequests instead.
2026-04-28 11:20:25 [main] INFO  o.s.s.web.DefaultSecurityFilterChain - Will not secure any request
2026-04-28 11:20:25 [main] WARN  o.s.b.a.t.ThymeleafAutoConfiguration$DefaultTemplateResolverConfiguration - Cannot find template location: classpath:/templates/ (please add some templates, check your Thymeleaf configuration, or set spring.thymeleaf.check-template-location=false)
2026-04-28 11:20:25 [main] INFO  o.s.b.w.e.tomcat.TomcatWebServer - Tomcat started on port 8080 (http) with context path '/api'
2026-04-28 11:20:25 [main] INFO  c.m.r.s.MedicalRecordSystemApplication - Started MedicalRecordSystemApplication in 3.572 seconds (process running for 3.856)
2026-04-28 11:20:25 [main] INFO  c.m.r.s.c.AuditLogTableInitializer - 审计日志表 audit_logs 已存在或创建失败（可忽略）: StatementCallback; uncategorized SQLException for SQL [CREATE TABLE audit_logs (  id BIGINT IDENTITY(1,1) PRIMARY KEY,  username VARCHAR(50),  operation VARCHAR(100),  module VARCHAR(50),  ip VARCHAR(50),  user_agent VARCHAR(500),  details VARCHAR(500),  status INT DEFAULT 1,  created_time DATETIME DEFAULT GETDATE(),  deleted INT DEFAULT 0)]; SQL state [S0001]; error code [2714]; 数据库中已存在名为 'audit_logs' 的对象。
2026-04-28 11:20:42 [http-nio-8080-exec-1] INFO  o.a.c.c.C.[.[localhost].[/api] - Initializing Spring DispatcherServlet 'dispatcherServlet'
2026-04-28 11:20:42 [http-nio-8080-exec-1] INFO  o.s.web.servlet.DispatcherServlet - Initializing Servlet 'dispatcherServlet'
2026-04-28 11:20:42 [http-nio-8080-exec-1] INFO  o.s.web.servlet.DispatcherServlet - Completed initialization in 1 ms
2026-04-28 14:13:13 [SpringApplicationShutdownHook] INFO  o.s.o.j.LocalContainerEntityManagerFactoryBean - Closing JPA EntityManagerFactory for persistence unit 'default'
2026-04-28 14:13:13 [SpringApplicationShutdownHook] INFO  c.alibaba.druid.pool.DruidDataSource - {dataSource-1} closing ...
2026-04-28 14:13:13 [SpringApplicationShutdownHook] INFO  c.alibaba.druid.pool.DruidDataSource - {dataSource-1} closed
2026-04-28 14:13:39 [main] INFO  c.m.r.s.MedicalRecordSystemApplication - Starting MedicalRecordSystemApplication using Java 22.0.1 with PID 7880 (D:\cusproject\syst\medical-record-system-unified\backend\target\classes started by A in D:\cusproject\syst\medical-record-system-unified\backend)
2026-04-28 14:13:39 [main] DEBUG c.m.r.s.MedicalRecordSystemApplication - Running with Spring Boot v3.2.0, Spring v6.1.1
2026-04-28 14:13:39 [main] INFO  c.m.r.s.MedicalRecordSystemApplication - No active profile set, falling back to 1 default profile: "default"
2026-04-28 14:13:40 [main] INFO  o.s.d.r.c.RepositoryConfigurationDelegate - Bootstrapping Spring Data JPA repositories in DEFAULT mode.
2026-04-28 14:13:40 [main] INFO  o.s.d.r.c.RepositoryConfigurationDelegate - Finished Spring Data repository scanning in 15 ms. Found 0 JPA repository interfaces.
2026-04-28 14:13:40 [main] INFO  o.s.b.w.e.tomcat.TomcatWebServer - Tomcat initialized with port 8080 (http)
2026-04-28 14:13:40 [main] INFO  o.a.catalina.core.StandardService - Starting service [Tomcat]
2026-04-28 14:13:40 [main] INFO  o.a.catalina.core.StandardEngine - Starting Servlet engine: [Apache Tomcat/10.1.16]
2026-04-28 14:13:40 [main] INFO  o.a.c.c.C.[.[localhost].[/api] - Initializing Spring embedded WebApplicationContext
2026-04-28 14:13:40 [main] INFO  o.s.b.w.s.c.ServletWebServerApplicationContext - Root WebApplicationContext: initialization completed in 1062 ms
2026-04-28 14:13:40 [main] INFO  o.h.jpa.internal.util.LogHelper - HHH000204: Processing PersistenceUnitInfo [name: default]
2026-04-28 14:13:41 [main] INFO  org.hibernate.Version - HHH000412: Hibernate ORM core version 6.3.1.Final
2026-04-28 14:13:41 [main] INFO  o.h.c.i.RegionFactoryInitiator - HHH000026: Second-level cache disabled
2026-04-28 14:13:41 [main] INFO  o.s.o.j.p.SpringPersistenceUnitInfo - No LoadTimeWeaver setup: ignoring JPA class transformer
2026-04-28 14:13:41 [main] INFO  c.alibaba.druid.pool.DruidDataSource - {dataSource-1} inited
2026-04-28 14:13:41 [main] WARN  org.hibernate.orm.deprecation - HHH90000025: SQLServerDialect does not need to be specified explicitly using 'hibernate.dialect' (remove the property setting and it will be selected by default)
2026-04-28 14:13:41 [main] INFO  o.h.e.t.j.p.i.JtaPlatformInitiator - HHH000489: No JTA platform available (set 'hibernate.transaction.jta.platform' to enable JTA platform integration)
2026-04-28 14:13:41 [main] INFO  o.s.o.j.LocalContainerEntityManagerFactoryBean - Initialized JPA EntityManagerFactory for persistence unit 'default'
2026-04-28 14:13:42 [main] WARN  o.s.b.a.o.j.JpaBaseConfiguration$JpaWebConfiguration - spring.jpa.open-in-view is enabled by default. Therefore, database queries may be performed during view rendering. Explicitly configure spring.jpa.open-in-view to disable this warning
2026-04-28 14:13:42 [main] WARN  o.s.b.a.s.s.UserDetailsServiceAutoConfiguration - 

Using generated security password: 8df0eaaf-1825-4594-9189-ceeb5f265a53

This generated password is for development use only. Your security configuration must be updated before running your application in production.

2026-04-28 14:13:42 [main] INFO  o.s.b.a.w.s.WelcomePageHandlerMapping - Adding welcome page: class path resource [static/index.html]
2026-04-28 14:13:42 [main] INFO  o.s.s.web.DefaultSecurityFilterChain - Will secure any request with [org.springframework.security.web.session.DisableEncodeUrlFilter@613a608e, org.springframework.security.web.context.request.async.WebAsyncManagerIntegrationFilter@37b1218, org.springframework.security.web.context.SecurityContextHolderFilter@5f877009, org.springframework.security.web.header.HeaderWriterFilter@72ce8a9b, org.springframework.web.filter.CorsFilter@575cfec1, org.springframework.security.web.authentication.logout.LogoutFilter@346690d6, org.springframework.security.web.savedrequest.RequestCacheAwareFilter@14b4ce6f, org.springframework.security.web.servletapi.SecurityContextHolderAwareRequestFilter@7c5c2b17, org.springframework.security.web.authentication.AnonymousAuthenticationFilter@32068aef, org.springframework.security.web.access.ExceptionTranslationFilter@56ec6ac0, org.springframework.security.web.access.intercept.AuthorizationFilter@64a4739]
2026-04-28 14:13:42 [main] WARN  o.s.s.c.a.web.builders.WebSecurity - You are asking Spring Security to ignore any request. This is not recommended -- please use permitAll via HttpSecurity#authorizeHttpRequests instead.
2026-04-28 14:13:42 [main] INFO  o.s.s.web.DefaultSecurityFilterChain - Will not secure any request
2026-04-28 14:13:42 [main] WARN  o.s.b.a.t.ThymeleafAutoConfiguration$DefaultTemplateResolverConfiguration - Cannot find template location: classpath:/templates/ (please add some templates, check your Thymeleaf configuration, or set spring.thymeleaf.check-template-location=false)
2026-04-28 14:13:42 [main] INFO  o.s.b.w.e.tomcat.TomcatWebServer - Tomcat started on port 8080 (http) with context path '/api'
2026-04-28 14:13:42 [main] INFO  c.m.r.s.MedicalRecordSystemApplication - Started MedicalRecordSystemApplication in 3.357 seconds (process running for 3.633)
2026-04-28 14:13:42 [main] INFO  c.m.r.s.c.AuditLogTableInitializer - 审计日志表 audit_logs 已存在或创建失败（可忽略）: StatementCallback; uncategorized SQLException for SQL [CREATE TABLE audit_logs (  id BIGINT IDENTITY(1,1) PRIMARY KEY,  username VARCHAR(50),  operation VARCHAR(100),  module VARCHAR(50),  ip VARCHAR(50),  user_agent VARCHAR(500),  details VARCHAR(500),  status INT DEFAULT 1,  created_time DATETIME DEFAULT GETDATE(),  deleted INT DEFAULT 0)]; SQL state [S0001]; error code [2714]; 数据库中已存在名为 'audit_logs' 的对象。
2026-04-28 14:14:10 [http-nio-8080-exec-1] INFO  o.a.c.c.C.[.[localhost].[/api] - Initializing Spring DispatcherServlet 'dispatcherServlet'
2026-04-28 14:14:10 [http-nio-8080-exec-1] INFO  o.s.web.servlet.DispatcherServlet - Initializing Servlet 'dispatcherServlet'
2026-04-28 14:14:10 [http-nio-8080-exec-1] INFO  o.s.web.servlet.DispatcherServlet - Completed initialization in 0 ms
2026-04-28 14:31:05 [SpringApplicationShutdownHook] INFO  o.s.o.j.LocalContainerEntityManagerFactoryBean - Closing JPA EntityManagerFactory for persistence unit 'default'
2026-04-28 14:31:05 [SpringApplicationShutdownHook] INFO  c.alibaba.druid.pool.DruidDataSource - {dataSource-1} closing ...
2026-04-28 14:31:05 [SpringApplicationShutdownHook] INFO  c.alibaba.druid.pool.DruidDataSource - {dataSource-1} closed
2026-04-28 14:31:28 [main] INFO  c.m.r.s.MedicalRecordSystemApplication - Starting MedicalRecordSystemApplication using Java 22.0.1 with PID 18904 (D:\cusproject\syst\medical-record-system-unified\backend\target\classes started by A in D:\cusproject\syst\medical-record-system-unified\backend)
2026-04-28 14:31:28 [main] DEBUG c.m.r.s.MedicalRecordSystemApplication - Running with Spring Boot v3.2.0, Spring v6.1.1
2026-04-28 14:31:28 [main] INFO  c.m.r.s.MedicalRecordSystemApplication - No active profile set, falling back to 1 default profile: "default"
2026-04-28 14:31:29 [main] INFO  o.s.d.r.c.RepositoryConfigurationDelegate - Bootstrapping Spring Data JPA repositories in DEFAULT mode.
2026-04-28 14:31:29 [main] INFO  o.s.d.r.c.RepositoryConfigurationDelegate - Finished Spring Data repository scanning in 16 ms. Found 0 JPA repository interfaces.
2026-04-28 14:31:30 [main] INFO  o.s.b.w.e.tomcat.TomcatWebServer - Tomcat initialized with port 8080 (http)
2026-04-28 14:31:30 [main] INFO  o.a.catalina.core.StandardService - Starting service [Tomcat]
2026-04-28 14:31:30 [main] INFO  o.a.catalina.core.StandardEngine - Starting Servlet engine: [Apache Tomcat/10.1.16]
2026-04-28 14:31:30 [main] INFO  o.a.c.c.C.[.[localhost].[/api] - Initializing Spring embedded WebApplicationContext
2026-04-28 14:31:30 [main] INFO  o.s.b.w.s.c.ServletWebServerApplicationContext - Root WebApplicationContext: initialization completed in 1120 ms
2026-04-28 14:31:30 [main] INFO  o.h.jpa.internal.util.LogHelper - HHH000204: Processing PersistenceUnitInfo [name: default]
2026-04-28 14:31:30 [main] INFO  org.hibernate.Version - HHH000412: Hibernate ORM core version 6.3.1.Final
2026-04-28 14:31:30 [main] INFO  o.h.c.i.RegionFactoryInitiator - HHH000026: Second-level cache disabled
2026-04-28 14:31:30 [main] INFO  o.s.o.j.p.SpringPersistenceUnitInfo - No LoadTimeWeaver setup: ignoring JPA class transformer
2026-04-28 14:31:30 [main] INFO  c.alibaba.druid.pool.DruidDataSource - {dataSource-1} inited
2026-04-28 14:31:30 [main] WARN  org.hibernate.orm.deprecation - HHH90000025: SQLServerDialect does not need to be specified explicitly using 'hibernate.dialect' (remove the property setting and it will be selected by default)
2026-04-28 14:31:31 [main] INFO  o.h.e.t.j.p.i.JtaPlatformInitiator - HHH000489: No JTA platform available (set 'hibernate.transaction.jta.platform' to enable JTA platform integration)
2026-04-28 14:31:31 [main] INFO  o.s.o.j.LocalContainerEntityManagerFactoryBean - Initialized JPA EntityManagerFactory for persistence unit 'default'
2026-04-28 14:31:31 [main] WARN  o.s.b.a.o.j.JpaBaseConfiguration$JpaWebConfiguration - spring.jpa.open-in-view is enabled by default. Therefore, database queries may be performed during view rendering. Explicitly configure spring.jpa.open-in-view to disable this warning
2026-04-28 14:31:31 [main] WARN  o.s.b.a.s.s.UserDetailsServiceAutoConfiguration - 

Using generated security password: ed9217b6-2e3f-4a06-aa0c-4944d2b992c6

This generated password is for development use only. Your security configuration must be updated before running your application in production.

2026-04-28 14:31:31 [main] INFO  o.s.b.a.w.s.WelcomePageHandlerMapping - Adding welcome page: class path resource [static/index.html]
2026-04-28 14:31:31 [main] INFO  o.s.s.web.DefaultSecurityFilterChain - Will secure any request with [org.springframework.security.web.session.DisableEncodeUrlFilter@5b3a8bea, org.springframework.security.web.context.request.async.WebAsyncManagerIntegrationFilter@6ba0dcba, org.springframework.security.web.context.SecurityContextHolderFilter@18bf1bad, org.springframework.security.web.header.HeaderWriterFilter@591ba330, org.springframework.web.filter.CorsFilter@6d7772d3, org.springframework.security.web.authentication.logout.LogoutFilter@2a191f83, org.springframework.security.web.savedrequest.RequestCacheAwareFilter@2ecc4be7, org.springframework.security.web.servletapi.SecurityContextHolderAwareRequestFilter@3355d9ba, org.springframework.security.web.authentication.AnonymousAuthenticationFilter@38394e76, org.springframework.security.web.access.ExceptionTranslationFilter@47c15468, org.springframework.security.web.access.intercept.AuthorizationFilter@32068aef]
2026-04-28 14:31:31 [main] WARN  o.s.s.c.a.web.builders.WebSecurity - You are asking Spring Security to ignore any request. This is not recommended -- please use permitAll via HttpSecurity#authorizeHttpRequests instead.
2026-04-28 14:31:31 [main] INFO  o.s.s.web.DefaultSecurityFilterChain - Will not secure any request
2026-04-28 14:31:31 [main] WARN  o.s.b.a.t.ThymeleafAutoConfiguration$DefaultTemplateResolverConfiguration - Cannot find template location: classpath:/templates/ (please add some templates, check your Thymeleaf configuration, or set spring.thymeleaf.check-template-location=false)
2026-04-28 14:31:32 [main] INFO  o.s.b.w.e.tomcat.TomcatWebServer - Tomcat started on port 8080 (http) with context path '/api'
2026-04-28 14:31:32 [main] INFO  c.m.r.s.MedicalRecordSystemApplication - Started MedicalRecordSystemApplication in 3.474 seconds (process running for 3.751)
2026-04-28 14:31:32 [main] INFO  c.m.r.s.c.AuditLogTableInitializer - 审计日志表 audit_logs 已存在或创建失败（可忽略）: StatementCallback; uncategorized SQLException for SQL [CREATE TABLE audit_logs (  id BIGINT IDENTITY(1,1) PRIMARY KEY,  username VARCHAR(50),  operation VARCHAR(100),  module VARCHAR(50),  ip VARCHAR(50),  user_agent VARCHAR(500),  details VARCHAR(500),  status INT DEFAULT 1,  created_time DATETIME DEFAULT GETDATE(),  deleted INT DEFAULT 0)]; SQL state [S0001]; error code [2714]; 数据库中已存在名为 'audit_logs' 的对象。
2026-04-28 14:31:38 [http-nio-8080-exec-1] INFO  o.a.c.c.C.[.[localhost].[/api] - Initializing Spring DispatcherServlet 'dispatcherServlet'
2026-04-28 14:31:38 [http-nio-8080-exec-1] INFO  o.s.web.servlet.DispatcherServlet - Initializing Servlet 'dispatcherServlet'
2026-04-28 14:31:38 [http-nio-8080-exec-1] INFO  o.s.web.servlet.DispatcherServlet - Completed initialization in 1 ms
2026-04-28 16:20:11 [http-nio-8080-exec-3] WARN  o.s.w.s.m.s.DefaultHandlerExceptionResolver - Resolved [org.springframework.http.converter.HttpMessageNotReadableException: JSON parse error: Cannot deserialize value of type `java.time.LocalDateTime` from String "2026-03-03 09:37:28": Failed to deserialize java.time.LocalDateTime: (java.time.format.DateTimeParseException) Text '2026-03-03 09:37:28' could not be parsed at index 10]
2026-04-28 16:21:24 [http-nio-8080-exec-2] WARN  o.s.w.s.m.s.DefaultHandlerExceptionResolver - Resolved [org.springframework.http.converter.HttpMessageNotReadableException: JSON parse error: Cannot deserialize value of type `java.time.LocalDateTime` from String "2026-03-03 09:37:28": Failed to deserialize java.time.LocalDateTime: (java.time.format.DateTimeParseException) Text '2026-03-03 09:37:28' could not be parsed at index 10]
2026-04-28 16:26:56 [http-nio-8080-exec-1] WARN  o.s.w.s.m.s.DefaultHandlerExceptionResolver - Resolved [org.springframework.http.converter.HttpMessageNotReadableException: JSON parse error: Cannot deserialize value of type `java.time.LocalDateTime` from String "2026-03-03 09:37:28": Failed to deserialize java.time.LocalDateTime: (java.time.format.DateTimeParseException) Text '2026-03-03 09:37:28' could not be parsed at index 10]
2026-04-28 16:42:28 [http-nio-8080-exec-4] WARN  o.s.w.s.m.s.DefaultHandlerExceptionResolver - Resolved [org.springframework.web.method.annotation.MethodArgumentTypeMismatchException: Failed to convert value of type 'java.lang.String' to required type 'java.lang.Long'; For input string: "dept-approved"]
2026-04-28 16:42:34 [http-nio-8080-exec-9] WARN  o.s.w.s.m.s.DefaultHandlerExceptionResolver - Resolved [org.springframework.web.method.annotation.MethodArgumentTypeMismatchException: Failed to convert value of type 'java.lang.String' to required type 'java.lang.Long'; For input string: "dept-approved"]
2026-04-28 16:42:56 [http-nio-8080-exec-5] WARN  o.s.w.s.m.s.DefaultHandlerExceptionResolver - Resolved [org.springframework.web.method.annotation.MethodArgumentTypeMismatchException: Failed to convert value of type 'java.lang.String' to required type 'java.lang.Long'; For input string: "dept-approved"]
2026-04-28 16:43:42 [http-nio-8080-exec-8] WARN  o.s.w.s.m.s.DefaultHandlerExceptionResolver - Resolved [org.springframework.web.method.annotation.MethodArgumentTypeMismatchException: Failed to convert value of type 'java.lang.String' to required type 'java.lang.Long'; For input string: "dept-approved"]
2026-04-28 16:43:50 [http-nio-8080-exec-7] WARN  o.s.w.s.m.s.DefaultHandlerExceptionResolver - Resolved [org.springframework.web.method.annotation.MethodArgumentTypeMismatchException: Failed to convert value of type 'java.lang.String' to required type 'java.lang.Long'; For input string: "dept-approved"]
